<?xml version="1.0" encoding="UTF-8"?>
<testsuite name="dev.cyr1en.promptcore.ParsedCommandTest" tests="17" skipped="0" failures="0" errors="0" timestamp="2026-06-14T18:08:41.117Z" hostname="Mac.lan" time="0.025">
  <properties/>
  <testcase name="cancelPcmStripped()" classname="dev.cyr1en.promptcore.ParsedCommandTest" time="0.01"/>
  <testcase name="emptyCommandAndNoAnswers()" classname="dev.cyr1en.promptcore.ParsedCommandTest" time="0.0"/>
  <testcase name="postCommandMetaIsStripped()" classname="dev.cyr1en.promptcore.ParsedCommandTest" time="0.0"/>
  <testcase name="firstUnansweredSingleTagTruncatesTokensAfter()" classname="dev.cyr1en.promptcore.ParsedCommandTest" time="0.0"/>
  <testcase name="firstUnansweredSingleTagTruncatesAfterPriorAnswer()" classname="dev.cyr1en.promptcore.ParsedCommandTest" time="0.0"/>
  <testcase name="multipleTagsReplacedByAnswers()" classname="dev.cyr1en.promptcore.ParsedCommandTest" time="0.001"/>
  <testcase name="pcmAndAnswerLeaveTrailingSpace()" classname="dev.cyr1en.promptcore.ParsedCommandTest" time="0.0"/>
  <testcase name="noPromptsCommandReturnedWithTrailingSpace()" classname="dev.cyr1en.promptcore.ParsedCommandTest" time="0.0"/>
  <testcase name="compoundTagWithPartialAnswers()" classname="dev.cyr1en.promptcore.ParsedCommandTest" time="0.001"/>
  <testcase name="firstUnansweredSingleTagTruncatesAtPositionBeforeReplacement()" classname="dev.cyr1en.promptcore.ParsedCommandTest" time="0.0"/>
  <testcase name="singleTagReplacedByAnswer()" classname="dev.cyr1en.promptcore.ParsedCommandTest" time="0.001"/>
  <testcase name="compoundTagReplacedSubtagBySubtag()" classname="dev.cyr1en.promptcore.ParsedCommandTest" time="0.0"/>
  <testcase name="moreAnswersThanTagsKeepsAllReplacements()" classname="dev.cyr1en.promptcore.ParsedCommandTest" time="0.0"/>
  <testcase name="fewerAnswersRemovesUnansweredTags()" classname="dev.cyr1en.promptcore.ParsedCommandTest" time="0.0"/>
  <testcase name="emptyAnswerProducesEmptySlot()" classname="dev.cyr1en.promptcore.ParsedCommandTest" time="0.0"/>
  <testcase name="sanitizationIsNotApplied()" classname="dev.cyr1en.promptcore.ParsedCommandTest" time="0.001"/>
  <testcase name="nullTemplateReturnsEmpty()" classname="dev.cyr1en.promptcore.ParsedCommandTest" time="0.0"/>
  <system-out><![CDATA[]]></system-out>
  <system-err><![CDATA[]]></system-err>
</testsuite>
