<?xml version="1.0" encoding="UTF-8"?>
<testsuite name="dev.cyr1en.promptcore.parser.CommandLineParserTabTest" tests="5" skipped="0" failures="0" errors="0" timestamp="2026-06-14T18:08:41.143Z" hostname="Mac.lan" time="0.003">
  <properties/>
  <testcase name="tabKindIsCapturedInFilterSlot()" classname="dev.cyr1en.promptcore.parser.CommandLineParserTabTest" time="0.0"/>
  <testcase name="tabKindCaseInsensitive()" classname="dev.cyr1en.promptcore.parser.CommandLineParserTabTest" time="0.001"/>
  <testcase name="tabInCompoundIsHardParserError()" classname="dev.cyr1en.promptcore.parser.CommandLineParserTabTest" time="0.0"/>
  <testcase name="tabInCompoundWithExplicitMaxIsAlsoRejected()" classname="dev.cyr1en.promptcore.parser.CommandLineParserTabTest" time="0.0"/>
  <testcase name="tabWithExplicitMaxIsCapturedVerbatim()" classname="dev.cyr1en.promptcore.parser.CommandLineParserTabTest" time="0.001"/>
  <system-out><![CDATA[]]></system-out>
  <system-err><![CDATA[]]></system-err>
</testsuite>
