<?xml version="1.0" encoding="UTF-8"?>
<testsuite name="dev.cyr1en.promptpaper.config.PromptConfigTest" tests="6" skipped="0" failures="0" errors="0" timestamp="2026-06-14T18:25:11.674Z" hostname="Mac.lan" time="0.009">
  <properties/>
  <testcase name="dialogDefaultsAppliedWhenSectionMissing()" classname="dev.cyr1en.promptpaper.config.PromptConfigTest" time="0.002"/>
  <testcase name="dialogConfigCustomValuesPropagate()" classname="dev.cyr1en.promptpaper.config.PromptConfigTest" time="0.001"/>
  <testcase name="screenMappingsReturnsDefaultsWhenSectionMissing()" classname="dev.cyr1en.promptpaper.config.PromptConfigTest" time="0.002"/>
  <testcase name="dialogConfigBuildsNestedRecordsFromFields()" classname="dev.cyr1en.promptpaper.config.PromptConfigTest" time="0.001"/>
  <testcase name="screenMappingsReadsFromSection()" classname="dev.cyr1en.promptpaper.config.PromptConfigTest" time="0.002"/>
  <testcase name="filterFormatDefaultsToPercentS()" classname="dev.cyr1en.promptpaper.config.PromptConfigTest" time="0.001"/>
  <system-out><![CDATA[]]></system-out>
  <system-err><![CDATA[]]></system-err>
</testsuite>
