<?xml version="1.0" encoding="UTF-8"?>
<testsuite name="dev.cyr1en.promptpaper.util.FormatUtilTest" tests="12" skipped="0" failures="0" errors="0" timestamp="2026-06-14T18:25:12.303Z" hostname="Mac.lan" time="0.001">
  <properties/>
  <testcase name="countValidSkipsPercentPercent()" classname="dev.cyr1en.promptpaper.util.FormatUtilTest" time="0.0"/>
  <testcase name="nullStringIsInvalidFormat()" classname="dev.cyr1en.promptpaper.util.FormatUtilTest" time="0.0"/>
  <testcase name="nullStringReturnsNull()" classname="dev.cyr1en.promptpaper.util.FormatUtilTest" time="0.0"/>
  <testcase name="ansiEscapeSequencesAreSkippedDuringValidation()" classname="dev.cyr1en.promptpaper.util.FormatUtilTest" time="0.0"/>
  <testcase name="safeFormatWithValidArgs()" classname="dev.cyr1en.promptpaper.util.FormatUtilTest" time="0.0"/>
  <testcase name="safeFormatWithTooFewArgs()" classname="dev.cyr1en.promptpaper.util.FormatUtilTest" time="0.0"/>
  <testcase name="safeFormatHandlesInvalidSpecifierGracefully()" classname="dev.cyr1en.promptpaper.util.FormatUtilTest" time="0.001"/>
  <testcase name="escapeInvalidFormatsChangesInvalidSpecifiers()" classname="dev.cyr1en.promptpaper.util.FormatUtilTest" time="0.0"/>
  <testcase name="safeFormatWithTooManyArgs()" classname="dev.cyr1en.promptpaper.util.FormatUtilTest" time="0.0"/>
  <testcase name="validStringFormatIsRecognized()" classname="dev.cyr1en.promptpaper.util.FormatUtilTest" time="0.0"/>
  <testcase name="countValidFormatSpecifiers()" classname="dev.cyr1en.promptpaper.util.FormatUtilTest" time="0.0"/>
  <testcase name="validNumberFormatIsRecognized()" classname="dev.cyr1en.promptpaper.util.FormatUtilTest" time="0.0"/>
  <system-out><![CDATA[]]></system-out>
  <system-err><![CDATA[]]></system-err>
</testsuite>
