<?xml version="1.0" encoding="UTF-8"?>
<testsuite name="dev.cyr1en.promptpaper.validation.CompoundedValidatorTest" tests="9" skipped="0" failures="0" errors="0" timestamp="2026-06-14T18:25:12.304Z" hostname="Mac.lan" time="0.004">
  <properties/>
  <testcase name="anyAndFailWhenOneFails()" classname="dev.cyr1en.promptpaper.validation.CompoundedValidatorTest" time="0.001"/>
  <testcase name="orFailsWhenNoneMatch()" classname="dev.cyr1en.promptpaper.validation.CompoundedValidatorTest" time="0.0"/>
  <testcase name="messageOnFailReturnsConfiguredValue()" classname="dev.cyr1en.promptpaper.validation.CompoundedValidatorTest" time="0.0"/>
  <testcase name="nullInputReturnsFalse()" classname="dev.cyr1en.promptpaper.validation.CompoundedValidatorTest" time="0.0"/>
  <testcase name="allAndPassWhenAllMatch()" classname="dev.cyr1en.promptpaper.validation.CompoundedValidatorTest" time="0.0"/>
  <testcase name="aliasReturnsConfiguredValue()" classname="dev.cyr1en.promptpaper.validation.CompoundedValidatorTest" time="0.0"/>
  <testcase name="blankInputReturnsFalse()" classname="dev.cyr1en.promptpaper.validation.CompoundedValidatorTest" time="0.0"/>
  <testcase name="orPassesWhenAnyMatches()" classname="dev.cyr1en.promptpaper.validation.CompoundedValidatorTest" time="0.0"/>
  <testcase name="emptyValidatorsAllPass()" classname="dev.cyr1en.promptpaper.validation.CompoundedValidatorTest" time="0.0"/>
  <system-out><![CDATA[]]></system-out>
  <system-err><![CDATA[]]></system-err>
</testsuite>
