<?xml version="1.0" encoding="UTF-8"?>
<testsuite name="dev.cyr1en.promptpaper.config.ConfigurationManagerTest" tests="2" skipped="0" failures="0" errors="0" timestamp="2026-06-14T18:25:11.670Z" hostname="Mac.lan" time="0.004">
  <properties/>
  <testcase name="configManagerCanBeConstructed()" classname="dev.cyr1en.promptpaper.config.ConfigurationManagerTest" time="0.002"/>
  <testcase name="getConfigThrowsOnNonAnnotatedClass()" classname="dev.cyr1en.promptpaper.config.ConfigurationManagerTest" time="0.002"/>
  <system-out><![CDATA[]]></system-out>
  <system-err><![CDATA[]]></system-err>
</testsuite>
