<?xml version="1.0" encoding="UTF-8"?>
<testsuite name="dev.cyr1en.promptpaper.engine.ScreenManagerTest" tests="10" skipped="1" failures="0" errors="0" timestamp="2026-06-14T18:25:11.945Z" hostname="Mac.lan" time="0.05">
  <properties/>
  <testcase name="hasChatScreenReturnsTrueForChatPrompt()" classname="dev.cyr1en.promptpaper.engine.ScreenManagerTest" time="0.006"/>
  <testcase name="startDelegatedSessionWithoutPromptsDoesNotCreateScreen()" classname="dev.cyr1en.promptpaper.engine.ScreenManagerTest" time="0.003"/>
  <testcase name="startSessionWithNoPromptsDoesNothing()" classname="dev.cyr1en.promptpaper.engine.ScreenManagerTest" time="0.004"/>
  <testcase name="startSessionWithPromptsCreatesScreen()" classname="dev.cyr1en.promptpaper.engine.ScreenManagerTest" time="0.007"/>
  <testcase name="handleChatInputWithoutChatScreenIsNoop()" classname="dev.cyr1en.promptpaper.engine.ScreenManagerTest" time="0.004"/>
  <testcase name="nonCompoundTitleFilterAbortsSessionAndCreatesNoScreen()" classname="dev.cyr1en.promptpaper.engine.ScreenManagerTest" time="0.003"/>
  <testcase name="compoundTagWithTitleFilterIsAllowedThrough()" classname="dev.cyr1en.promptpaper.engine.ScreenManagerTest" time="0.007"/>
  <testcase name="startDelegatedSessionWithPromptsCreatesScreen()" classname="dev.cyr1en.promptpaper.engine.ScreenManagerTest" time="0.005"/>
  <testcase name="cancelAllRemovesScreen()" classname="dev.cyr1en.promptpaper.engine.ScreenManagerTest" time="0.005"/>
  <testcase name="handleChatInputProcessesAnswer()" classname="dev.cyr1en.promptpaper.engine.ScreenManagerTest" time="0.005">
    <skipped message="org.mockbukkit.mockbukkit.exception.UnimplementedOperationException: Not implemented" type="org.mockbukkit.mockbukkit.exception.UnimplementedOperationException">org.mockbukkit.mockbukkit.exception.UnimplementedOperationException: Not implemented
	at org.mockbukkit.mockbukkit.entity.EntityMock.getScheduler(EntityMock.java:1428)
	at dev.cyr1en.promptpaper.screen.ScreenManager.dispatchAssembledCommand(ScreenManager.java:397)
	at dev.cyr1en.promptpaper.screen.ScreenManager.handleResult(ScreenManager.java:228)
	at dev.cyr1en.promptpaper.screen.ScreenManager.lambda$showPrompt$0(ScreenManager.java:144)
	at dev.cyr1en.promptpaper.screen.ChatPromptScreen.handleInput(ChatPromptScreen.java:90)
	at dev.cyr1en.promptpaper.screen.ScreenManager.handleChatInput(ScreenManager.java:179)
	at dev.cyr1en.promptpaper.engine.ScreenManagerTest.handleChatInputProcessesAnswer(ScreenManagerTest.java:85)
	at java.base/java.lang.reflect.Method.invoke(Method.java:565)
	at java.base/java.util.ArrayList.forEach(ArrayList.java:1604)
	at java.base/java.util.ArrayList.forEach(ArrayList.java:1604)
</skipped>
  </testcase>
  <system-out><![CDATA[]]></system-out>
  <system-err><![CDATA[[12:25:11 INFO]: No GUI screen providers found — GUI prompts will fall back to chat.
[12:25:11 WARNING]: Consider using runTaskLater instead of scheduleSyncDelayTask
[12:25:11 INFO]: No GUI screen providers found — GUI prompts will fall back to chat.
[12:25:11 INFO]: No GUI screen providers found — GUI prompts will fall back to chat.
[12:25:11 INFO]: No GUI screen providers found — GUI prompts will fall back to chat.
[12:25:11 WARNING]: Consider using runTaskLater instead of scheduleSyncDelayTask
[12:25:11 INFO]: No GUI screen providers found — GUI prompts will fall back to chat.
[12:25:11 INFO]: No GUI screen providers found — GUI prompts will fall back to chat.
[12:25:11 WARNING]: ?[38;2;198;160;246m[?[0m?[38;2;192;161;246mP?[0m?[38;2;186;163;246mr?[0m?[38;2;180;164;245mo?[0m?[38;2;174;165;245mm?[0m?[38;2;168;167;245mp?[0m?[38;2;162;168;245mt?[0m?[38;2;156;169;245me?[0m?[38;2;150;170;244mr?[0m?[38;2;144;172;244m]?[0m ?[38;2;166;218;149m>>?[0m ?[38;2;255;195;113mPlayer Player0 initiated a prompt containing a non-compound tag with a TITLE filter: <d:title:Prompt>?[0m
[12:25:11 INFO]: No GUI screen providers found — GUI prompts will fall back to chat.
[12:25:11 INFO]: No GUI screen providers found — GUI prompts will fall back to chat.
[12:25:11 WARNING]: Consider using runTaskLater instead of scheduleSyncDelayTask
[12:25:11 INFO]: No GUI screen providers found — GUI prompts will fall back to chat.
[12:25:11 WARNING]: Consider using runTaskLater instead of scheduleSyncDelayTask
[12:25:11 INFO]: No GUI screen providers found — GUI prompts will fall back to chat.
[12:25:11 WARNING]: Consider using runTaskLater instead of scheduleSyncDelayTask
[12:25:11 INFO]: No GUI screen providers found — GUI prompts will fall back to chat.
[12:25:11 WARNING]: Consider using runTaskLater instead of scheduleSyncDelayTask
]]></system-err>
</testsuite>
