<?xml version="1.0" encoding="UTF-8"?>
<testsuite name="dev.cyr1en.promptpaper.screen.dialog.DialogConstraintsTest" tests="26" skipped="0" failures="0" errors="0" timestamp="2026-06-14T18:25:12.185Z" hostname="Mac.lan" time="0.004">
  <properties/>
  <testcase name="numPerTagInitialBelowMinIsClamped()" classname="dev.cyr1en.promptpaper.screen.dialog.DialogConstraintsTest" time="0.001"/>
  <testcase name="tabExplicitMaxOverridesConfig()" classname="dev.cyr1en.promptpaper.screen.dialog.DialogConstraintsTest" time="0.0"/>
  <testcase name="tabZeroClampsToOne()" classname="dev.cyr1en.promptpaper.screen.dialog.DialogConstraintsTest" time="0.0"/>
  <testcase name="textOverrideMaxLength()" classname="dev.cyr1en.promptpaper.screen.dialog.DialogConstraintsTest" time="0.0"/>
  <testcase name="choiceOverride()" classname="dev.cyr1en.promptpaper.screen.dialog.DialogConstraintsTest" time="0.0"/>
  <testcase name="numPerTagRangeWithCustomConfigInitialStillUsesPerTagMidpoint()" classname="dev.cyr1en.promptpaper.screen.dialog.DialogConstraintsTest" time="0.001"/>
  <testcase name="tabCaseInsensitive()" classname="dev.cyr1en.promptpaper.screen.dialog.DialogConstraintsTest" time="0.0"/>
  <testcase name="numPerTagRangeOverridesConfigDefaultInitial()" classname="dev.cyr1en.promptpaper.screen.dialog.DialogConstraintsTest" time="0.0"/>
  <testcase name="tabMalformedBracketFallsBackToConfigDefault()" classname="dev.cyr1en.promptpaper.screen.dialog.DialogConstraintsTest" time="0.0"/>
  <testcase name="numMinMaxStep()" classname="dev.cyr1en.promptpaper.screen.dialog.DialogConstraintsTest" time="0.0"/>
  <testcase name="numMinGteMaxClampsMax()" classname="dev.cyr1en.promptpaper.screen.dialog.DialogConstraintsTest" time="0.0"/>
  <testcase name="numPerTagInitialAboveOwnRangeIsClamped()" classname="dev.cyr1en.promptpaper.screen.dialog.DialogConstraintsTest" time="0.0"/>
  <testcase name="numZeroStepClampsToOne()" classname="dev.cyr1en.promptpaper.screen.dialog.DialogConstraintsTest" time="0.0"/>
  <testcase name="numFullSpec()" classname="dev.cyr1en.promptpaper.screen.dialog.DialogConstraintsTest" time="0.0"/>
  <testcase name="choiceNoDefaults()" classname="dev.cyr1en.promptpaper.screen.dialog.DialogConstraintsTest" time="0.0"/>
  <testcase name="textOverrideMaxLengthClamped()" classname="dev.cyr1en.promptpaper.screen.dialog.DialogConstraintsTest" time="0.0"/>
  <testcase name="tabNoBracketUsesConfigDefault()" classname="dev.cyr1en.promptpaper.screen.dialog.DialogConstraintsTest" time="0.0"/>
  <testcase name="tabCustomConfigDefaultIsRespected()" classname="dev.cyr1en.promptpaper.screen.dialog.DialogConstraintsTest" time="0.0"/>
  <testcase name="unknownKindFallsBackToText()" classname="dev.cyr1en.promptpaper.screen.dialog.DialogConstraintsTest" time="0.0"/>
  <testcase name="numMalformedFallsBackToDefaults()" classname="dev.cyr1en.promptpaper.screen.dialog.DialogConstraintsTest" time="0.0"/>
  <testcase name="tabNegativeClampsToOne()" classname="dev.cyr1en.promptpaper.screen.dialog.DialogConstraintsTest" time="0.0"/>
  <testcase name="numMinMax()" classname="dev.cyr1en.promptpaper.screen.dialog.DialogConstraintsTest" time="0.0"/>
  <testcase name="emptyFilterBoolFallsBackToText()" classname="dev.cyr1en.promptpaper.screen.dialog.DialogConstraintsTest" time="0.001"/>
  <testcase name="numPerTagRangeWithFullSpecUsesPerTagInitial()" classname="dev.cyr1en.promptpaper.screen.dialog.DialogConstraintsTest" time="0.0"/>
  <testcase name="numFloatStep()" classname="dev.cyr1en.promptpaper.screen.dialog.DialogConstraintsTest" time="0.0"/>
  <testcase name="emptyFilterUsesTextDefaults()" classname="dev.cyr1en.promptpaper.screen.dialog.DialogConstraintsTest" time="0.0"/>
  <system-out><![CDATA[]]></system-out>
  <system-err><![CDATA[]]></system-err>
</testsuite>
