<?xml version="1.0" encoding="UTF-8"?>
<testsuite name="dev.cyr1en.promptpaper.screen.playerui.HeadCacheTest" tests="9" skipped="0" failures="0" errors="0" timestamp="2026-06-14T18:25:12.216Z" hostname="Mac.lan" time="0.057">
  <properties/>
  <testcase name="getHeadForRendersMiniMessage()" classname="dev.cyr1en.promptpaper.screen.playerui.HeadCacheTest" time="0.038"/>
  <testcase name="sizeReturnsZeroForEmptyCache()" classname="dev.cyr1en.promptpaper.screen.playerui.HeadCacheTest" time="0.002"/>
  <testcase name="sizeCountsNonEmptyEntries()" classname="dev.cyr1en.promptpaper.screen.playerui.HeadCacheTest" time="0.002"/>
  <testcase name="sizeCountsMixedEntries()" classname="dev.cyr1en.promptpaper.screen.playerui.HeadCacheTest" time="0.002"/>
  <testcase name="sizeIgnoresEmptyOptionalEntries()" classname="dev.cyr1en.promptpaper.screen.playerui.HeadCacheTest" time="0.001"/>
  <testcase name="onPlayerJoinPopulatesCache()" classname="dev.cyr1en.promptpaper.screen.playerui.HeadCacheTest" time="0.003"/>
  <testcase name="invalidateRemovesEntry()" classname="dev.cyr1en.promptpaper.screen.playerui.HeadCacheTest" time="0.003"/>
  <testcase name="onPlayerQuitRemovesCachedHead()" classname="dev.cyr1en.promptpaper.screen.playerui.HeadCacheTest" time="0.002"/>
  <testcase name="getHeadForRendersLegacyColorCode()" classname="dev.cyr1en.promptpaper.screen.playerui.HeadCacheTest" time="0.002"/>
  <system-out><![CDATA[]]></system-out>
  <system-err><![CDATA[]]></system-err>
</testsuite>
