<?xml version="1.0" encoding="UTF-8"?>
<testsuite name="dev.cyr1en.promptpaper.command.DelegateCommandsIntegrationTest" tests="6" skipped="0" failures="0" errors="0" timestamp="2026-06-14T18:25:11.515Z" hostname="Mac.lan" time="0.042">
  <properties/>
  <testcase name="playerDelegateWithPromptsCreatesScreen()" classname="dev.cyr1en.promptpaper.command.DelegateCommandsIntegrationTest" time="0.013"/>
  <testcase name="consoleDelegateWithNoPromptsDispatchesDirectly()" classname="dev.cyr1en.promptpaper.command.DelegateCommandsIntegrationTest" time="0.007"/>
  <testcase name="playerDelegateWithNoPromptsDispatchesDirectly()" classname="dev.cyr1en.promptpaper.command.DelegateCommandsIntegrationTest" time="0.005"/>
  <testcase name="normalDelegateWithPromptsCreatesScreen()" classname="dev.cyr1en.promptpaper.command.DelegateCommandsIntegrationTest" time="0.007"/>
  <testcase name="delegatedSessionCompletesWithChatInput()" classname="dev.cyr1en.promptpaper.command.DelegateCommandsIntegrationTest" time="0.005"/>
  <testcase name="consoleDelegateWithPromptsCreatesScreen()" classname="dev.cyr1en.promptpaper.command.DelegateCommandsIntegrationTest" time="0.005"/>
  <system-out><![CDATA[]]></system-out>
  <system-err><![CDATA[[12:25:11 INFO]: No GUI screen providers found — GUI prompts will fall back to chat.
[12:25:11 WARNING]: Consider using runTaskLater instead of scheduleSyncDelayTask
[12:25:11 INFO]: No GUI screen providers found — GUI prompts will fall back to chat.
[12:25:11 INFO]: No GUI screen providers found — GUI prompts will fall back to chat.
[12:25:11 INFO]: No GUI screen providers found — GUI prompts will fall back to chat.
[12:25:11 WARNING]: Consider using runTaskLater instead of scheduleSyncDelayTask
[12:25:11 INFO]: No GUI screen providers found — GUI prompts will fall back to chat.
[12:25:11 WARNING]: Consider using runTaskLater instead of scheduleSyncDelayTask
[12:25:11 INFO]: No GUI screen providers found — GUI prompts will fall back to chat.
[12:25:11 WARNING]: Consider using runTaskLater instead of scheduleSyncDelayTask
]]></system-err>
</testsuite>
