<?xml version="1.0" encoding="UTF-8"?>
<testsuite name="dev.cyr1en.promptpaper.validation.JSExprValidatorTest" tests="7" skipped="0" failures="0" errors="0" timestamp="2026-06-14T18:25:12.308Z" hostname="Mac.lan" time="0.155">
  <properties/>
  <testcase name="nonBooleanExpressionFails()" classname="dev.cyr1en.promptpaper.validation.JSExprValidatorTest" time="0.128"/>
  <testcase name="falseExpressionFails()" classname="dev.cyr1en.promptpaper.validation.JSExprValidatorTest" time="0.005"/>
  <testcase name="messageOnFailReturnsConfiguredValue()" classname="dev.cyr1en.promptpaper.validation.JSExprValidatorTest" time="0.003"/>
  <testcase name="trueExpressionPasses()" classname="dev.cyr1en.promptpaper.validation.JSExprValidatorTest" time="0.005"/>
  <testcase name="aliasReturnsConfiguredValue()" classname="dev.cyr1en.promptpaper.validation.JSExprValidatorTest" time="0.004"/>
  <testcase name="blankExpressionReturnsFalse()" classname="dev.cyr1en.promptpaper.validation.JSExprValidatorTest" time="0.003"/>
  <testcase name="promptInputIsReplaced()" classname="dev.cyr1en.promptpaper.validation.JSExprValidatorTest" time="0.006"/>
  <system-out><![CDATA[]]></system-out>
  <system-err><![CDATA[]]></system-err>
</testsuite>
