<?xml version="1.0" encoding="UTF-8"?>
<testsuite name="dev.cyr1en.promptpaper.screen.ChatPromptScreenTest" tests="7" skipped="0" failures="0" errors="0" timestamp="2026-06-14T18:25:12.109Z" hostname="Mac.lan" time="0.019">
  <properties/>
  <testcase name="closeSetsOpenToFalse()" classname="dev.cyr1en.promptpaper.screen.ChatPromptScreenTest" time="0.003"/>
  <testcase name="handleInputClosesScreenBeforeCallback()" classname="dev.cyr1en.promptpaper.screen.ChatPromptScreenTest" time="0.003"/>
  <testcase name="handleInputWithoutOpenDoesNotFireCallback()" classname="dev.cyr1en.promptpaper.screen.ChatPromptScreenTest" time="0.002"/>
  <testcase name="isOpenReturnsFalseInitially()" classname="dev.cyr1en.promptpaper.screen.ChatPromptScreenTest" time="0.002"/>
  <testcase name="handleInputFiresCallbackWithAnswer()" classname="dev.cyr1en.promptpaper.screen.ChatPromptScreenTest" time="0.003"/>
  <testcase name="onResultReplacesPreviousCallback()" classname="dev.cyr1en.promptpaper.screen.ChatPromptScreenTest" time="0.003"/>
  <testcase name="openSetsOpenToTrue()" classname="dev.cyr1en.promptpaper.screen.ChatPromptScreenTest" time="0.003"/>
  <system-out><![CDATA[]]></system-out>
  <system-err><![CDATA[]]></system-err>
</testsuite>
