<?xml version="1.0" encoding="UTF-8"?>
<testsuite name="dev.cyr1en.promptpaper.command.PromptCommandTest" tests="8" skipped="0" failures="0" errors="0" timestamp="2026-06-14T18:25:11.573Z" hostname="Mac.lan" time="0.012">
  <properties/>
  <testcase name="buildReturnsLiteralCommandNode()" classname="dev.cyr1en.promptpaper.command.PromptCommandTest" time="0.002"/>
  <testcase name="nameDescriptionAliasesExposed()" classname="dev.cyr1en.promptpaper.command.PromptCommandTest" time="0.002"/>
  <testcase name="allowedCombinesBothChecks()" classname="dev.cyr1en.promptpaper.command.PromptCommandTest" time="0.001"/>
  <testcase name="allowedFailsWhenPermissionMissing()" classname="dev.cyr1en.promptpaper.command.PromptCommandTest" time="0.002"/>
  <testcase name="allowedPassesWithNoPermissionAndNoFilter()" classname="dev.cyr1en.promptpaper.command.PromptCommandTest" time="0.001"/>
  <testcase name="allowedFailsWhenSenderFilterMismatched()" classname="dev.cyr1en.promptpaper.command.PromptCommandTest" time="0.001"/>
  <testcase name="allowedPassesWhenSenderFilterMatches()" classname="dev.cyr1en.promptpaper.command.PromptCommandTest" time="0.001"/>
  <testcase name="allowedPassesWhenPermissionPresent()" classname="dev.cyr1en.promptpaper.command.PromptCommandTest" time="0.001"/>
  <system-out><![CDATA[]]></system-out>
  <system-err><![CDATA[]]></system-err>
</testsuite>
