<?xml version="1.0" encoding="UTF-8"?>
<testsuite name="dev.cyr1en.promptpaper.listener.PlayerCommandListenerTest" tests="5" skipped="0" failures="0" errors="0" timestamp="2026-06-14T18:25:12.020Z" hostname="Mac.lan" time="0.038">
  <properties/>
  <testcase name="normalCommandDoesNotInterceptWhenNoActiveScreen()" classname="dev.cyr1en.promptpaper.listener.PlayerCommandListenerTest" time="0.024"/>
  <testcase name="commandInterceptionCancelsEventWhenScreenActive()" classname="dev.cyr1en.promptpaper.listener.PlayerCommandListenerTest" time="0.004"/>
  <testcase name="cancelledEventIsSkipped()" classname="dev.cyr1en.promptpaper.listener.PlayerCommandListenerTest" time="0.003"/>
  <testcase name="commandPrompterCommandIsNotIntercepted()" classname="dev.cyr1en.promptpaper.listener.PlayerCommandListenerTest" time="0.003"/>
  <testcase name="cmdpAliasIsNotIntercepted()" classname="dev.cyr1en.promptpaper.listener.PlayerCommandListenerTest" time="0.003"/>
  <system-out><![CDATA[]]></system-out>
  <system-err><![CDATA[]]></system-err>
</testsuite>
