<?xml version="1.0" encoding="UTF-8"?>
<testsuite name="dev.cyr1en.promptpaper.command.CommandRegistrarTest" tests="2" skipped="0" failures="0" errors="0" timestamp="2026-06-14T18:25:11.453Z" hostname="Mac.lan" time="0.009">
  <properties/>
  <testcase name="constructsWithThreeTopLevelCommands()" classname="dev.cyr1en.promptpaper.command.CommandRegistrarTest" time="0.005"/>
  <testcase name="registerAllInvokesRegistrarForEachTopLevel()" classname="dev.cyr1en.promptpaper.command.CommandRegistrarTest" time="0.003"/>
  <system-out><![CDATA[]]></system-out>
  <system-err><![CDATA[]]></system-err>
</testsuite>
