<?xml version="1.0" encoding="UTF-8"?>
<testsuite name="dev.cyr1en.promptpaper.engine.MultiPromptIntegrationTest" tests="5" skipped="2" failures="0" errors="0" timestamp="2026-06-14T18:25:11.703Z" hostname="Mac.lan" time="0.022">
  <properties/>
  <testcase name="handleChatInputWithoutChatScreenIsNoop()" classname="dev.cyr1en.promptpaper.engine.MultiPromptIntegrationTest" time="0.003"/>
  <testcase name="singlePromptReturnsAssembledCommand()" classname="dev.cyr1en.promptpaper.engine.MultiPromptIntegrationTest" time="0.006">
    <skipped message="org.mockbukkit.mockbukkit.exception.UnimplementedOperationException: Not implemented" type="org.mockbukkit.mockbukkit.exception.UnimplementedOperationException">org.mockbukkit.mockbukkit.exception.UnimplementedOperationException: Not implemented
	at org.mockbukkit.mockbukkit.entity.EntityMock.getScheduler(EntityMock.java:1428)
	at dev.cyr1en.promptpaper.screen.ScreenManager.dispatchAssembledCommand(ScreenManager.java:397)
	at dev.cyr1en.promptpaper.screen.ScreenManager.handleResult(ScreenManager.java:228)
	at dev.cyr1en.promptpaper.screen.ScreenManager.lambda$showPrompt$0(ScreenManager.java:144)
	at dev.cyr1en.promptpaper.screen.ChatPromptScreen.handleInput(ChatPromptScreen.java:90)
	at dev.cyr1en.promptpaper.screen.ScreenManager.handleChatInput(ScreenManager.java:179)
	at dev.cyr1en.promptpaper.engine.MultiPromptIntegrationTest.singlePromptReturnsAssembledCommand(MultiPromptIntegrationTest.java:60)
	at java.base/java.lang.reflect.Method.invoke(Method.java:565)
	at java.base/java.util.ArrayList.forEach(ArrayList.java:1604)
	at java.base/java.util.ArrayList.forEach(ArrayList.java:1604)
</skipped>
  </testcase>
  <testcase name="promptWithNoPromptsDoesNotCreateScreen()" classname="dev.cyr1en.promptpaper.engine.MultiPromptIntegrationTest" time="0.006"/>
  <testcase name="cancelDuringMultiPromptRemovesSession()" classname="dev.cyr1en.promptpaper.engine.MultiPromptIntegrationTest" time="0.003"/>
  <testcase name="threePromptCommandCyclesThroughAllPrompts()" classname="dev.cyr1en.promptpaper.engine.MultiPromptIntegrationTest" time="0.004">
    <skipped message="org.mockbukkit.mockbukkit.exception.UnimplementedOperationException: Not implemented" type="org.mockbukkit.mockbukkit.exception.UnimplementedOperationException">org.mockbukkit.mockbukkit.exception.UnimplementedOperationException: Not implemented
	at org.mockbukkit.mockbukkit.entity.EntityMock.getScheduler(EntityMock.java:1428)
	at dev.cyr1en.promptpaper.screen.ScreenManager.dispatchAssembledCommand(ScreenManager.java:397)
	at dev.cyr1en.promptpaper.screen.ScreenManager.handleResult(ScreenManager.java:228)
	at dev.cyr1en.promptpaper.screen.ScreenManager.lambda$showPrompt$0(ScreenManager.java:144)
	at dev.cyr1en.promptpaper.screen.ChatPromptScreen.handleInput(ChatPromptScreen.java:90)
	at dev.cyr1en.promptpaper.screen.ScreenManager.handleChatInput(ScreenManager.java:179)
	at dev.cyr1en.promptpaper.engine.MultiPromptIntegrationTest.threePromptCommandCyclesThroughAllPrompts(MultiPromptIntegrationTest.java:50)
	at java.base/java.lang.reflect.Method.invoke(Method.java:565)
	at java.base/java.util.ArrayList.forEach(ArrayList.java:1604)
	at java.base/java.util.ArrayList.forEach(ArrayList.java:1604)
</skipped>
  </testcase>
  <system-out><![CDATA[]]></system-out>
  <system-err><![CDATA[[12:25:11 INFO]: No GUI screen providers found — GUI prompts will fall back to chat.
[12:25:11 INFO]: No GUI screen providers found — GUI prompts will fall back to chat.
[12:25:11 WARNING]: Consider using runTaskLater instead of scheduleSyncDelayTask
[12:25:11 INFO]: No GUI screen providers found — GUI prompts will fall back to chat.
[12:25:11 INFO]: No GUI screen providers found — GUI prompts will fall back to chat.
[12:25:11 WARNING]: Consider using runTaskLater instead of scheduleSyncDelayTask
[12:25:11 WARNING]: Consider using runTaskLater instead of scheduleSyncDelayTask
[12:25:11 INFO]: No GUI screen providers found — GUI prompts will fall back to chat.
[12:25:11 WARNING]: Consider using runTaskLater instead of scheduleSyncDelayTask
[12:25:11 WARNING]: Consider using runTaskLater instead of scheduleSyncDelayTask
[12:25:11 WARNING]: Consider using runTaskLater instead of scheduleSyncDelayTask
]]></system-err>
</testsuite>
