<?xml version="1.0" encoding="UTF-8"?>
<testsuite name="dev.cyr1en.promptpaper.engine.PostCommandMetaTest" tests="7" skipped="0" failures="0" errors="0" timestamp="2026-06-14T18:25:11.726Z" hostname="Mac.lan" time="0.019">
  <properties/>
  <testcase name="pcmWithPlayerTargetDispatchesAsPlayer()" classname="dev.cyr1en.promptpaper.engine.PostCommandMetaTest" time="0.005"/>
  <testcase name="onCancelPcmOnlyPopulatedWhenCancelled()" classname="dev.cyr1en.promptpaper.engine.PostCommandMetaTest" time="0.002"/>
  <testcase name="onCancelPcmDispatchesOnCancel()" classname="dev.cyr1en.promptpaper.engine.PostCommandMetaTest" time="0.001"/>
  <testcase name="noPcmWhenNoPostCommandMeta()" classname="dev.cyr1en.promptpaper.engine.PostCommandMetaTest" time="0.003"/>
  <testcase name="pcmWithDelayReturnsCorrectTicks()" classname="dev.cyr1en.promptpaper.engine.PostCommandMetaTest" time="0.002"/>
  <testcase name="sessionWithBothPcmTypesOnlyOnCompleteWhenCompleted()" classname="dev.cyr1en.promptpaper.engine.PostCommandMetaTest" time="0.002"/>
  <testcase name="onCompletePcmDispatchesAfterSessionCompletes()" classname="dev.cyr1en.promptpaper.engine.PostCommandMetaTest" time="0.001"/>
  <system-out><![CDATA[]]></system-out>
  <system-err><![CDATA[]]></system-err>
</testsuite>
