<?xml version="1.0" encoding="UTF-8"?>
<testsuite name="dev.cyr1en.promptpaper.validation.OnlinePlayerValidatorTest" tests="6" skipped="0" failures="0" errors="0" timestamp="2026-06-14T18:25:12.464Z" hostname="Mac.lan" time="0.01">
  <properties/>
  <testcase name="offlinePlayerFails()" classname="dev.cyr1en.promptpaper.validation.OnlinePlayerValidatorTest" time="0.004"/>
  <testcase name="inputPlayerReturnsConfiguredValue()" classname="dev.cyr1en.promptpaper.validation.OnlinePlayerValidatorTest" time="0.001"/>
  <testcase name="nullInputReturnsFalse()" classname="dev.cyr1en.promptpaper.validation.OnlinePlayerValidatorTest" time="0.001"/>
  <testcase name="aliasReturnsConfiguredValue()" classname="dev.cyr1en.promptpaper.validation.OnlinePlayerValidatorTest" time="0.001"/>
  <testcase name="onlinePlayerPasses()" classname="dev.cyr1en.promptpaper.validation.OnlinePlayerValidatorTest" time="0.001"/>
  <testcase name="blankInputReturnsFalse()" classname="dev.cyr1en.promptpaper.validation.OnlinePlayerValidatorTest" time="0.001"/>
  <system-out><![CDATA[]]></system-out>
  <system-err><![CDATA[]]></system-err>
</testsuite>
