<?xml version="1.0" encoding="UTF-8"?>
<testsuite name="dev.cyr1en.promptpaper.screen.AnvilPromptScreenTest" tests="7" skipped="0" failures="0" errors="0" timestamp="2026-06-14T18:25:12.058Z" hostname="Mac.lan" time="0.051">
  <properties/>
  <testcase name="openWithEmptyProvidersFallsBackToChat()" classname="dev.cyr1en.promptpaper.screen.AnvilPromptScreenTest" time="0.003"/>
  <testcase name="handleResultWithAnswerFiresCallback()" classname="dev.cyr1en.promptpaper.screen.AnvilPromptScreenTest" time="0.003"/>
  <testcase name="handleResultWithCancelFiresCallback()" classname="dev.cyr1en.promptpaper.screen.AnvilPromptScreenTest" time="0.004"/>
  <testcase name="handleResultWithoutOpenIsNoop()" classname="dev.cyr1en.promptpaper.screen.AnvilPromptScreenTest" time="0.003"/>
  <testcase name="handleResultWithCancelKeywordReturnsCancel()" classname="dev.cyr1en.promptpaper.screen.AnvilPromptScreenTest" time="0.003"/>
  <testcase name="constructorStoresValues()" classname="dev.cyr1en.promptpaper.screen.AnvilPromptScreenTest" time="0.002"/>
  <testcase name="openWithValidProviderDelegates()" classname="dev.cyr1en.promptpaper.screen.AnvilPromptScreenTest" time="0.032"/>
  <system-out><![CDATA[]]></system-out>
  <system-err><![CDATA[]]></system-err>
</testsuite>
