<?xml version="1.0" encoding="UTF-8"?>
<testsuite name="dev.cyr1en.promptpaper.screen.dialog.DialogCompletionContextTest" tests="7" skipped="0" failures="0" errors="0" timestamp="2026-06-14T18:25:12.179Z" hostname="Mac.lan" time="0.005">
  <properties/>
  <testcase name="contextWithPlayerAndNonEmptyPartialHasCompletions()" classname="dev.cyr1en.promptpaper.screen.dialog.DialogCompletionContextTest" time="0.0"/>
  <testcase name="contextWithNullPartialHasNoCompletions()" classname="dev.cyr1en.promptpaper.screen.dialog.DialogCompletionContextTest" time="0.0"/>
  <testcase name="contextWithBothNullsHasNoCompletions()" classname="dev.cyr1en.promptpaper.screen.dialog.DialogCompletionContextTest" time="0.0"/>
  <testcase name="contextMissingPlayerHasNoCompletions()" classname="dev.cyr1en.promptpaper.screen.dialog.DialogCompletionContextTest" time="0.0"/>
  <testcase name="contextExposesPlayerAndPartial()" classname="dev.cyr1en.promptpaper.screen.dialog.DialogCompletionContextTest" time="0.0"/>
  <testcase name="recordsWithSameFieldsAreEqual()" classname="dev.cyr1en.promptpaper.screen.dialog.DialogCompletionContextTest" time="0.005"/>
  <testcase name="contextWithEmptyPartialHasNoCompletions()" classname="dev.cyr1en.promptpaper.screen.dialog.DialogCompletionContextTest" time="0.0"/>
  <system-out><![CDATA[]]></system-out>
  <system-err><![CDATA[]]></system-err>
</testsuite>
