<?xml version="1.0" encoding="UTF-8"?>
<testsuite name="dev.cyr1en.promptpaper.screen.dialog.DialogInputKindTest" tests="16" skipped="0" failures="0" errors="0" timestamp="2026-06-14T18:25:12.189Z" hostname="Mac.lan" time="0.026">
  <properties/>
  <testcase name="unknownReturnsText()" classname="dev.cyr1en.promptpaper.screen.dialog.DialogInputKindTest" time="0.002"/>
  <testcase name="numReturnsNumber()" classname="dev.cyr1en.promptpaper.screen.dialog.DialogInputKindTest" time="0.001"/>
  <testcase name="stripsBracketAndCase()" classname="dev.cyr1en.promptpaper.screen.dialog.DialogInputKindTest" time="0.006"/>
  <testcase name="tabWithBracketReturnsTab()" classname="dev.cyr1en.promptpaper.screen.dialog.DialogInputKindTest" time="0.002"/>
  <testcase name="tabReturnsTab()" classname="dev.cyr1en.promptpaper.screen.dialog.DialogInputKindTest" time="0.002"/>
  <testcase name="tabDoesNotMisparseChoiceOptionsContainingTab()" classname="dev.cyr1en.promptpaper.screen.dialog.DialogInputKindTest" time="0.001"/>
  <testcase name="caseInsensitive()" classname="dev.cyr1en.promptpaper.screen.dialog.DialogInputKindTest" time="0.001"/>
  <testcase name="numberrangeReturnsNumber()" classname="dev.cyr1en.promptpaper.screen.dialog.DialogInputKindTest" time="0.001"/>
  <testcase name="stripsBracket()" classname="dev.cyr1en.promptpaper.screen.dialog.DialogInputKindTest" time="0.001"/>
  <testcase name="textReturnsText()" classname="dev.cyr1en.promptpaper.screen.dialog.DialogInputKindTest" time="0.002"/>
  <testcase name="choiceReturnsChoice()" classname="dev.cyr1en.promptpaper.screen.dialog.DialogInputKindTest" time="0.001"/>
  <testcase name="tabIsCaseInsensitive()" classname="dev.cyr1en.promptpaper.screen.dialog.DialogInputKindTest" time="0.001"/>
  <testcase name="emptyFilterReturnsText()" classname="dev.cyr1en.promptpaper.screen.dialog.DialogInputKindTest" time="0.001"/>
  <testcase name="malformedBracketStillResolvesKind()" classname="dev.cyr1en.promptpaper.screen.dialog.DialogInputKindTest" time="0.001"/>
  <testcase name="nullFilterReturnsText()" classname="dev.cyr1en.promptpaper.screen.dialog.DialogInputKindTest" time="0.001"/>
  <testcase name="numberReturnsNumber()" classname="dev.cyr1en.promptpaper.screen.dialog.DialogInputKindTest" time="0.001"/>
  <system-out><![CDATA[]]></system-out>
  <system-err><![CDATA[]]></system-err>
</testsuite>
