<?xml version="1.0" encoding="UTF-8"?>
<testsuite name="dev.cyr1en.promptpaper.command.ConsoleDelegateCommandTest" tests="5" skipped="0" failures="0" errors="0" timestamp="2026-06-14T18:25:11.463Z" hostname="Mac.lan" time="0.051">
  <properties/>
  <testcase name="replacesTargetPlayerPlaceholder()" classname="dev.cyr1en.promptpaper.command.ConsoleDelegateCommandTest" time="0.019"/>
  <testcase name="stripsLeadingSlash()" classname="dev.cyr1en.promptpaper.command.ConsoleDelegateCommandTest" time="0.004"/>
  <testcase name="allowedRequiresConsoleAndPermission()" classname="dev.cyr1en.promptpaper.command.ConsoleDelegateCommandTest" time="0.022"/>
  <testcase name="noLeadingSlashNoReplacement()" classname="dev.cyr1en.promptpaper.command.ConsoleDelegateCommandTest" time="0.004"/>
  <testcase name="buildReturnsNonNullLiteralNode()" classname="dev.cyr1en.promptpaper.command.ConsoleDelegateCommandTest" time="0.002"/>
  <system-out><![CDATA[]]></system-out>
  <system-err><![CDATA[[12:25:11 INFO]: ?[38;2;198;160;246m[?[0m?[38;2;192;161;246mP?[0m?[38;2;186;163;246mr?[0m?[38;2;180;164;245mo?[0m?[38;2;174;165;245mm?[0m?[38;2;168;167;245mp?[0m?[38;2;162;168;245mt?[0m?[38;2;156;169;245me?[0m?[38;2;150;170;244mr?[0m?[38;2;144;172;244m]?[0m ?[38;2;166;218;149m>>?[0m Console used /consoledelegate -> Alice: msg Alice hi
[12:25:11 INFO]: ?[38;2;198;160;246m[?[0m?[38;2;192;161;246mP?[0m?[38;2;186;163;246mr?[0m?[38;2;180;164;245mo?[0m?[38;2;174;165;245mm?[0m?[38;2;168;167;245mp?[0m?[38;2;162;168;245mt?[0m?[38;2;156;169;245me?[0m?[38;2;150;170;244mr?[0m?[38;2;144;172;244m]?[0m ?[38;2;166;218;149m>>?[0m Console used /consoledelegate -> Target: mycommand foo
[12:25:11 INFO]: ?[38;2;198;160;246m[?[0m?[38;2;192;161;246mP?[0m?[38;2;186;163;246mr?[0m?[38;2;180;164;245mo?[0m?[38;2;174;165;245mm?[0m?[38;2;168;167;245mp?[0m?[38;2;162;168;245mt?[0m?[38;2;156;169;245me?[0m?[38;2;150;170;244mr?[0m?[38;2;144;172;244m]?[0m ?[38;2;166;218;149m>>?[0m Console used /consoledelegate -> Bob: plain command
]]></system-err>
</testsuite>
