<?xml version="1.0" encoding="UTF-8"?>
<testsuite name="dev.cyr1en.promptpaper.command.CancelCommandTest" tests="5" skipped="0" failures="0" errors="0" timestamp="2026-06-14T18:25:11.362Z" hostname="Mac.lan" time="0.091">
  <properties/>
  <testcase name="playerWithoutActiveSessionGetsNotice()" classname="dev.cyr1en.promptpaper.command.CancelCommandTest" time="0.023"/>
  <testcase name="nonPlayerSenderGetsErrorMessage()" classname="dev.cyr1en.promptpaper.command.CancelCommandTest" time="0.055"/>
  <testcase name="playerWithActiveSessionIsCancelled()" classname="dev.cyr1en.promptpaper.command.CancelCommandTest" time="0.005"/>
  <testcase name="allowedRequiresPromptPaperCancelPermission()" classname="dev.cyr1en.promptpaper.command.CancelCommandTest" time="0.003"/>
  <testcase name="buildReturnsNonNullLiteralNode()" classname="dev.cyr1en.promptpaper.command.CancelCommandTest" time="0.005"/>
  <system-out><![CDATA[]]></system-out>
  <system-err><![CDATA[]]></system-err>
</testsuite>
