<?xml version="1.0" encoding="UTF-8"?>
<testsuite name="dev.cyr1en.promptpaper.command.PromptRootCommandTest" tests="4" skipped="0" failures="0" errors="0" timestamp="2026-06-14T18:25:11.586Z" hostname="Mac.lan" time="0.008">
  <properties/>
  <testcase name="buildReturnsLiteralWithSubcommands()" classname="dev.cyr1en.promptpaper.command.PromptRootCommandTest" time="0.001"/>
  <testcase name="allowedHasNoPermissionOrFilter()" classname="dev.cyr1en.promptpaper.command.PromptRootCommandTest" time="0.003"/>
  <testcase name="sendHelpSendsMessage()" classname="dev.cyr1en.promptpaper.command.PromptRootCommandTest" time="0.002"/>
  <testcase name="buildAttachesCancelSubcommandWithoutAdminGate()" classname="dev.cyr1en.promptpaper.command.PromptRootCommandTest" time="0.002"/>
  <system-out><![CDATA[]]></system-out>
  <system-err><![CDATA[]]></system-err>
</testsuite>
